TN:
SF:src/app.ts
FNF:0
FNH:0
DA:8,2
DA:10,2
DA:11,2
DA:12,2
DA:14,2
DA:15,2
LF:6
LH:6
BRF:0
BRH:0
end_of_record
TN:
SF:src/database.ts
FNF:0
FNH:0
DA:3,3
DA:4,3
LF:2
LH:2
BRF:0
BRH:0
end_of_record
TN:
SF:src/controllers/recommendationController.ts
FN:6,insert
FN:17,upvote
FN:25,downvote
FN:33,random
FN:39,get
FN:44,getTop
FN:51,getById
FNF:7
FNH:7
FNDA:41,insert
FNDA:5,upvote
FNDA:6,downvote
FNDA:1,random
FNDA:3,get
FNDA:1,getTop
FNDA:4,getById
DA:7,41
DA:8,41
DA:9,3
DA:12,38
DA:14,37
DA:18,5
DA:20,5
DA:22,4
DA:26,6
DA:28,6
DA:30,5
DA:34,1
DA:36,1
DA:40,3
DA:41,3
DA:45,1
DA:47,1
DA:48,1
DA:52,4
DA:54,4
DA:55,3
DA:58,2
LF:22
LH:22
BRDA:8,0,0,3
BRF:1
BRH:1
end_of_record
TN:
SF:src/middlewares/errorHandlerMiddleware.ts
FN:8,errorHandlerMiddleware
FNF:1
FNH:1
FNDA:7,errorHandlerMiddleware
DA:16,7
DA:17,7
DA:20,0
LF:3
LH:2
BRDA:16,0,0,7
BRF:1
BRH:1
end_of_record
TN:
SF:src/repositories/recommendationRepository.ts
FN:5,create
FN:16,findAll
FN:26,getAmountByScore
FN:33,getFindAllFilter
FN:45,find
FN:51,findByName
FN:57,updateScore
FN:66,remove
FNF:8
FNH:8
FNDA:37,create
FNDA:4,findAll
FNDA:1,getAmountByScore
FNDA:4,getFindAllFilter
FNDA:15,find
FNDA:38,findByName
FNDA:9,updateScore
FNDA:1,remove
DA:6,37
DA:17,4
DA:19,4
DA:27,1
DA:36,4
DA:38,1
DA:40,1
DA:46,15
DA:52,38
DA:58,9
DA:67,1
DA:72,3
LF:12
LH:12
BRDA:36,0,0,3
BRF:1
BRH:1
end_of_record
TN:
SF:src/routers/recommendationRouter.ts
FNF:0
FNH:0
DA:4,2
DA:6,2
DA:7,2
DA:8,2
DA:9,2
DA:10,2
DA:11,2
DA:12,2
LF:8
LH:8
BRF:0
BRH:0
end_of_record
TN:
SF:src/schemas/recommendationsSchemas.ts
FNF:0
FNH:0
DA:4,2
DA:6,2
LF:2
LH:2
BRF:0
BRH:0
end_of_record
TN:
SF:src/services/recommendationsService.ts
FN:7,insert
FN:18,upvote
FN:24,downvote
FN:37,getByIdOrFail
FN:44,get
FN:48,getTop
FN:52,getRandom
FN:65,getByScore
FN:78,getScoreFilter
FNF:9
FNH:9
FNDA:39,insert
FNDA:5,upvote
FNDA:6,downvote
FNDA:15,getByIdOrFail
FNDA:3,get
FNDA:1,getTop
FNDA:1,getRandom
FNDA:1,getByScore
FNDA:1,getScoreFilter
DA:8,39
DA:11,39
DA:12,39
DA:13,2
DA:15,37
DA:19,5
DA:21,4
DA:25,6
DA:27,5
DA:32,5
DA:33,1
DA:38,15
DA:39,15
DA:41,12
DA:45,3
DA:49,1
DA:53,1
DA:54,1
DA:56,1
DA:57,1
DA:58,0
DA:61,1
DA:62,1
DA:66,1
DA:71,1
DA:72,1
DA:75,0
DA:79,1
DA:80,0
DA:83,1
DA:86,3
LF:31
LH:28
BRDA:12,0,0,2
BRDA:32,1,0,1
BRDA:39,2,0,3
BRDA:57,3,0,0
BRDA:71,4,0,1
BRDA:79,5,0,0
BRF:6
BRH:4
end_of_record
TN:
SF:src/utils/errorUtils.ts
FN:7,isAppError
FN:11,errorTypeToStatusCode
FN:19,conflictError
FN:23,notFoundError
FN:27,unauthorizedError
FN:31,wrongSchemaError
FNF:6
FNH:5
FNDA:7,isAppError
FNDA:7,errorTypeToStatusCode
FNDA:2,conflictError
FNDA:3,notFoundError
FNDA:0,unauthorizedError
FNDA:3,wrongSchemaError
DA:8,7
DA:12,7
DA:13,6
DA:14,3
DA:15,3
DA:16,0
DA:20,2
DA:24,3
DA:28,0
DA:32,3
LF:10
LH:8
BRDA:12,0,0,1
BRDA:13,1,0,3
BRDA:14,2,0,0
BRDA:15,3,0,3
BRDA:20,4,0,2
BRDA:20,4,1,0
BRDA:20,5,0,2
BRDA:20,5,1,2
BRDA:24,6,0,0
BRDA:24,6,1,3
BRDA:24,7,0,3
BRDA:24,7,1,3
BRDA:28,8,0,0
BRDA:28,8,1,0
BRDA:28,9,0,0
BRDA:28,9,1,0
BRDA:32,10,0,0
BRDA:32,10,1,3
BRDA:32,11,0,3
BRDA:32,11,1,3
BRF:20
BRH:12
end_of_record
